<?xml version="1.0" encoding="UTF-8"?>
<coverage generated="1628954190599" clover="3.2.0">
  <project timestamp="1628954190599" name="All files">
    <metrics statements="36" coveredstatements="15" conditionals="10" coveredconditionals="6" methods="5" coveredmethods="1" elements="51" coveredelements="22" complexity="0" loc="36" ncloc="36" packages="2" files="3" classes="3"/>
    <package name="src">
      <metrics statements="6" coveredstatements="6" conditionals="6" coveredconditionals="6" methods="0" coveredmethods="0"/>
      <file name="config.js" path="C:\Users\Aashish\Desktop\Vending Machine\Server\src\config.js">
        <metrics statements="2" coveredstatements="2" conditionals="6" coveredconditionals="6" methods="0" coveredmethods="0"/>
        <line num="1" count="1" type="stmt"/>
        <line num="16" count="1" type="stmt"/>
      </file>
      <file name="db.js" path="C:\Users\Aashish\Desktop\Vending Machine\Server\src\db.js">
        <metrics statements="4" coveredstatements="4" conditionals="0" coveredconditionals="0" methods="0" coveredmethods="0"/>
        <line num="1" count="1" type="stmt"/>
        <line num="3" count="1" type="stmt"/>
        <line num="5" count="1" type="stmt"/>
        <line num="12" count="1" type="stmt"/>
      </file>
    </package>
    <package name="src.services">
      <metrics statements="30" coveredstatements="9" conditionals="4" coveredconditionals="0" methods="5" coveredmethods="1"/>
      <file name="billingService.js" path="C:\Users\Aashish\Desktop\Vending Machine\Server\src\services\billingService.js">
        <metrics statements="30" coveredstatements="9" conditionals="4" coveredconditionals="0" methods="5" coveredmethods="1"/>
        <line num="1" count="1" type="stmt"/>
        <line num="2" count="1" type="stmt"/>
        <line num="4" count="1" type="stmt"/>
        <line num="5" count="0" type="stmt"/>
        <line num="7" count="0" type="stmt"/>
        <line num="9" count="0" type="stmt"/>
        <line num="10" count="0" type="cond" truecount="0" falsecount="2"/>
        <line num="11" count="0" type="stmt"/>
        <line num="12" count="0" type="stmt"/>
        <line num="14" count="0" type="stmt"/>
        <line num="38" count="0" type="stmt"/>
        <line num="39" count="0" type="cond" truecount="0" falsecount="2"/>
        <line num="40" count="0" type="stmt"/>
        <line num="42" count="0" type="stmt"/>
        <line num="43" count="0" type="stmt"/>
        <line num="46" count="0" type="stmt"/>
        <line num="49" count="0" type="stmt"/>
        <line num="54" count="1" type="stmt"/>
        <line num="55" count="0" type="stmt"/>
        <line num="57" count="0" type="stmt"/>
        <line num="58" count="0" type="stmt"/>
        <line num="61" count="1" type="stmt"/>
        <line num="62" count="1" type="stmt"/>
        <line num="63" count="1" type="stmt"/>
        <line num="64" count="0" type="stmt"/>
        <line num="67" count="1" type="stmt"/>
        <line num="68" count="0" type="stmt"/>
        <line num="69" count="0" type="stmt"/>
        <line num="70" count="0" type="stmt"/>
        <line num="72" count="1" type="stmt"/>
      </file>
    </package>
  </project>
</coverage>
