<?xml version="1.0" encoding="UTF-8"?>
<coverage generated="1629298528036" clover="3.2.0">
  <project timestamp="1629298528036" name="All files">
    <metrics statements="49" coveredstatements="19" conditionals="22" coveredconditionals="12" methods="10" coveredmethods="1" elements="81" coveredelements="32" complexity="0" loc="49" ncloc="49" packages="4" files="5" classes="5"/>
    <package name="Server">
      <metrics statements="1" coveredstatements="1" conditionals="4" coveredconditionals="4" methods="0" coveredmethods="0"/>
      <file name="knexfile.js" path="C:\Users\Aashish\Desktop\Vending Machine\Server\knexfile.js">
        <metrics statements="1" coveredstatements="1" conditionals="4" coveredconditionals="4" methods="0" coveredmethods="0"/>
        <line num="1" count="1" type="stmt"/>
      </file>
    </package>
    <package name="Server.knex">
      <metrics statements="3" coveredstatements="3" conditionals="2" coveredconditionals="2" methods="0" coveredmethods="0"/>
      <file name="knex.js" path="C:\Users\Aashish\Desktop\Vending Machine\Server\knex\knex.js">
        <metrics statements="3" coveredstatements="3" conditionals="2" coveredconditionals="2" methods="0" coveredmethods="0"/>
        <line num="1" count="1" type="cond" truecount="2" falsecount="0"/>
        <line num="3" count="1" type="stmt"/>
        <line num="5" count="1" type="stmt"/>
      </file>
    </package>
    <package name="Server.src">
      <metrics statements="6" coveredstatements="6" conditionals="6" coveredconditionals="6" methods="0" coveredmethods="0"/>
      <file name="config.js" path="C:\Users\Aashish\Desktop\Vending Machine\Server\src\config.js">
        <metrics statements="2" coveredstatements="2" conditionals="6" coveredconditionals="6" methods="0" coveredmethods="0"/>
        <line num="1" count="1" type="stmt"/>
        <line num="16" count="1" type="stmt"/>
      </file>
      <file name="db.js" path="C:\Users\Aashish\Desktop\Vending Machine\Server\src\db.js">
        <metrics statements="4" coveredstatements="4" conditionals="0" coveredconditionals="0" methods="0" coveredmethods="0"/>
        <line num="1" count="1" type="stmt"/>
        <line num="3" count="1" type="stmt"/>
        <line num="5" count="1" type="stmt"/>
        <line num="12" count="1" type="stmt"/>
      </file>
    </package>
    <package name="Server.src.services">
      <metrics statements="39" coveredstatements="9" conditionals="10" coveredconditionals="0" methods="10" coveredmethods="1"/>
      <file name="billingService.js" path="C:\Users\Aashish\Desktop\Vending Machine\Server\src\services\billingService.js">
        <metrics statements="39" coveredstatements="9" conditionals="10" coveredconditionals="0" methods="10" coveredmethods="1"/>
        <line num="1" count="1" type="stmt"/>
        <line num="2" count="1" type="stmt"/>
        <line num="3" count="1" type="stmt"/>
        <line num="5" count="1" type="stmt"/>
        <line num="6" count="0" type="stmt"/>
        <line num="7" count="0" type="stmt"/>
        <line num="8" count="0" type="stmt"/>
        <line num="10" count="0" type="stmt"/>
        <line num="12" count="0" type="stmt"/>
        <line num="13" count="0" type="cond" truecount="0" falsecount="2"/>
        <line num="14" count="0" type="stmt"/>
        <line num="15" count="0" type="stmt"/>
        <line num="16" count="0" type="stmt"/>
        <line num="17" count="0" type="stmt"/>
        <line num="32" count="0" type="cond" truecount="0" falsecount="2"/>
        <line num="33" count="0" type="stmt"/>
        <line num="34" count="0" type="stmt"/>
        <line num="38" count="0" type="cond" truecount="0" falsecount="2"/>
        <line num="39" count="0" type="stmt"/>
        <line num="40" count="0" type="stmt"/>
        <line num="49" count="0" type="cond" truecount="0" falsecount="2"/>
        <line num="50" count="0" type="stmt"/>
        <line num="51" count="0" type="cond" truecount="0" falsecount="2"/>
        <line num="52" count="0" type="stmt"/>
        <line num="60" count="0" type="stmt"/>
        <line num="63" count="0" type="stmt"/>
        <line num="68" count="1" type="stmt"/>
        <line num="69" count="0" type="stmt"/>
        <line num="73" count="0" type="stmt"/>
        <line num="76" count="1" type="stmt"/>
        <line num="77" count="1" type="stmt"/>
        <line num="79" count="0" type="stmt"/>
        <line num="82" count="1" type="stmt"/>
        <line num="83" count="0" type="stmt"/>
        <line num="85" count="0" type="stmt"/>
        <line num="86" count="0" type="stmt"/>
        <line num="89" count="0" type="stmt"/>
        <line num="92" count="0" type="stmt"/>
        <line num="94" count="1" type="stmt"/>
      </file>
    </package>
  </project>
</coverage>
