{"C:\\Users\\Aashish\\Desktop\\Vending Machine\\Server\\knexfile.js": {"path":"C:\\Users\\Aashish\\Desktop\\Vending Machine\\Server\\knexfile.js","statementMap":{"0":{"start":{"line":1,"column":0},"end":{"line":19,"column":2}}},"fnMap":{},"branchMap":{"0":{"loc":{"start":{"line":8,"column":13},"end":{"line":8,"column":42}},"type":"binary-expr","locations":[{"start":{"line":8,"column":13},"end":{"line":8,"column":36}},{"start":{"line":8,"column":40},"end":{"line":8,"column":42}}],"line":8},"1":{"loc":{"start":{"line":9,"column":13},"end":{"line":9,"column":52}},"type":"binary-expr","locations":[{"start":{"line":9,"column":13},"end":{"line":9,"column":32}},{"start":{"line":9,"column":36},"end":{"line":9,"column":52}}],"line":9}},"s":{"0":1},"f":{},"b":{"0":[1,1],"1":[1,1]},"_coverageSchema":"1a1c01bbd47fc00a2c39e90264f33305004495a9","hash":"31692f42df44a97d392978286ac4cb23fac69a6e"}
,"C:\\Users\\Aashish\\Desktop\\Vending Machine\\Server\\knex\\knex.js": {"path":"C:\\Users\\Aashish\\Desktop\\Vending Machine\\Server\\knex\\knex.js","statementMap":{"0":{"start":{"line":1,"column":20},"end":{"line":1,"column":60}},"1":{"start":{"line":3,"column":15},"end":{"line":3,"column":53}},"2":{"start":{"line":5,"column":0},"end":{"line":5,"column":41}}},"fnMap":{},"branchMap":{"0":{"loc":{"start":{"line":1,"column":20},"end":{"line":1,"column":60}},"type":"binary-expr","locations":[{"start":{"line":1,"column":20},"end":{"line":1,"column":43}},{"start":{"line":1,"column":47},"end":{"line":1,"column":60}}],"line":1}},"s":{"0":1,"1":1,"2":1},"f":{},"b":{"0":[1,1]},"_coverageSchema":"1a1c01bbd47fc00a2c39e90264f33305004495a9","hash":"953c3cf538ebdfff0a5254f4b8e7c5dad1250e3c"}
,"C:\\Users\\Aashish\\Desktop\\Vending Machine\\Server\\src\\config.js": {"path":"C:\\Users\\Aashish\\Desktop\\Vending Machine\\Server\\src\\config.js","statementMap":{"0":{"start":{"line":1,"column":15},"end":{"line":14,"column":1}},"1":{"start":{"line":16,"column":0},"end":{"line":16,"column":24}}},"fnMap":{},"branchMap":{"0":{"loc":{"start":{"line":3,"column":8},"end":{"line":3,"column":34}},"type":"binary-expr","locations":[{"start":{"line":3,"column":8},"end":{"line":3,"column":24}},{"start":{"line":3,"column":28},"end":{"line":3,"column":34}}],"line":3},"1":{"loc":{"start":{"line":10,"column":13},"end":{"line":10,"column":42}},"type":"binary-expr","locations":[{"start":{"line":10,"column":13},"end":{"line":10,"column":36}},{"start":{"line":10,"column":40},"end":{"line":10,"column":42}}],"line":10},"2":{"loc":{"start":{"line":11,"column":13},"end":{"line":11,"column":52}},"type":"binary-expr","locations":[{"start":{"line":11,"column":13},"end":{"line":11,"column":32}},{"start":{"line":11,"column":36},"end":{"line":11,"column":52}}],"line":11}},"s":{"0":1,"1":1},"f":{},"b":{"0":[1,1],"1":[1,1],"2":[1,1]},"_coverageSchema":"1a1c01bbd47fc00a2c39e90264f33305004495a9","hash":"6e258e2ebd634efb5f815e745faf7f6758c5f373"}
,"C:\\Users\\Aashish\\Desktop\\Vending Machine\\Server\\src\\db.js": {"path":"C:\\Users\\Aashish\\Desktop\\Vending Machine\\Server\\src\\db.js","statementMap":{"0":{"start":{"line":1,"column":14},"end":{"line":1,"column":31}},"1":{"start":{"line":3,"column":15},"end":{"line":3,"column":34}},"2":{"start":{"line":5,"column":13},"end":{"line":10,"column":2}},"3":{"start":{"line":12,"column":0},"end":{"line":12,"column":22}}},"fnMap":{},"branchMap":{},"s":{"0":1,"1":1,"2":1,"3":1},"f":{},"b":{},"_coverageSchema":"1a1c01bbd47fc00a2c39e90264f33305004495a9","hash":"60e68f81229bffbcdb8826a7df295348f59ef480"}
,"C:\\Users\\Aashish\\Desktop\\Vending Machine\\Server\\src\\services\\billingService.js": {"path":"C:\\Users\\Aashish\\Desktop\\Vending Machine\\Server\\src\\services\\billingService.js","statementMap":{"0":{"start":{"line":1,"column":13},"end":{"line":1,"column":29}},"1":{"start":{"line":2,"column":14},"end":{"line":2,"column":31}},"2":{"start":{"line":3,"column":13},"end":{"line":3,"column":39}},"3":{"start":{"line":5,"column":20},"end":{"line":66,"column":1}},"4":{"start":{"line":6,"column":70},"end":{"line":6,"column":74}},"5":{"start":{"line":7,"column":9},"end":{"line":7,"column":19}},"6":{"start":{"line":8,"column":12},"end":{"line":8,"column":141}},"7":{"start":{"line":10,"column":21},"end":{"line":10,"column":64}},"8":{"start":{"line":12,"column":1},"end":{"line":65,"column":3}},"9":{"start":{"line":13,"column":2},"end":{"line":64,"column":3}},"10":{"start":{"line":14,"column":3},"end":{"line":61,"column":4}},"11":{"start":{"line":15,"column":18},"end":{"line":15,"column":22}},"12":{"start":{"line":16,"column":4},"end":{"line":58,"column":6}},"13":{"start":{"line":17,"column":5},"end":{"line":57,"column":24}},"14":{"start":{"line":32,"column":7},"end":{"line":35,"column":8}},"15":{"start":{"line":33,"column":8},"end":{"line":33,"column":32}},"16":{"start":{"line":34,"column":8},"end":{"line":34,"column":84}},"17":{"start":{"line":38,"column":7},"end":{"line":45,"column":8}},"18":{"start":{"line":39,"column":25},"end":{"line":39,"column":54}},"19":{"start":{"line":40,"column":8},"end":{"line":44,"column":39}},"20":{"start":{"line":49,"column":7},"end":{"line":54,"column":8}},"21":{"start":{"line":50,"column":27},"end":{"line":50,"column":57}},"22":{"start":{"line":51,"column":8},"end":{"line":53,"column":9}},"23":{"start":{"line":52,"column":9},"end":{"line":52,"column":106}},"24":{"start":{"line":60,"column":4},"end":{"line":60,"column":23}},"25":{"start":{"line":63,"column":3},"end":{"line":63,"column":64}},"26":{"start":{"line":68,"column":21},"end":{"line":74,"column":1}},"27":{"start":{"line":69,"column":16},"end":{"line":71,"column":52}},"28":{"start":{"line":73,"column":1},"end":{"line":73,"column":15}},"29":{"start":{"line":76,"column":18},"end":{"line":80,"column":1}},"30":{"start":{"line":77,"column":18},"end":{"line":77,"column":64}},"31":{"start":{"line":79,"column":1},"end":{"line":79,"column":15}},"32":{"start":{"line":82,"column":20},"end":{"line":93,"column":1}},"33":{"start":{"line":83,"column":15},"end":{"line":83,"column":32}},"34":{"start":{"line":85,"column":16},"end":{"line":85,"column":18}},"35":{"start":{"line":86,"column":1},"end":{"line":91,"column":4}},"36":{"start":{"line":89,"column":3},"end":{"line":89,"column":21}},"37":{"start":{"line":92,"column":1},"end":{"line":92,"column":15}},"38":{"start":{"line":94,"column":0},"end":{"line":94,"column":57}}},"fnMap":{"0":{"name":"(anonymous_0)","decl":{"start":{"line":5,"column":20},"end":{"line":5,"column":21}},"loc":{"start":{"line":5,"column":36},"end":{"line":66,"column":1}},"line":5},"1":{"name":"(anonymous_1)","decl":{"start":{"line":12,"column":20},"end":{"line":12,"column":21}},"loc":{"start":{"line":12,"column":47},"end":{"line":65,"column":2}},"line":12},"2":{"name":"(anonymous_2)","decl":{"start":{"line":16,"column":34},"end":{"line":16,"column":35}},"loc":{"start":{"line":16,"column":53},"end":{"line":58,"column":5}},"line":16},"3":{"name":"(anonymous_3)","decl":{"start":{"line":31,"column":12},"end":{"line":31,"column":13}},"loc":{"start":{"line":31,"column":40},"end":{"line":36,"column":7}},"line":31},"4":{"name":"(anonymous_4)","decl":{"start":{"line":37,"column":12},"end":{"line":37,"column":13}},"loc":{"start":{"line":37,"column":42},"end":{"line":47,"column":7}},"line":37},"5":{"name":"(anonymous_5)","decl":{"start":{"line":48,"column":12},"end":{"line":48,"column":13}},"loc":{"start":{"line":48,"column":44},"end":{"line":55,"column":7}},"line":48},"6":{"name":"(anonymous_6)","decl":{"start":{"line":68,"column":21},"end":{"line":68,"column":22}},"loc":{"start":{"line":68,"column":33},"end":{"line":74,"column":1}},"line":68},"7":{"name":"(anonymous_7)","decl":{"start":{"line":76,"column":18},"end":{"line":76,"column":19}},"loc":{"start":{"line":76,"column":30},"end":{"line":80,"column":1}},"line":76},"8":{"name":"(anonymous_8)","decl":{"start":{"line":82,"column":20},"end":{"line":82,"column":21}},"loc":{"start":{"line":82,"column":37},"end":{"line":93,"column":1}},"line":82},"9":{"name":"(anonymous_9)","decl":{"start":{"line":88,"column":8},"end":{"line":88,"column":9}},"loc":{"start":{"line":88,"column":16},"end":{"line":90,"column":3}},"line":88}},"branchMap":{"0":{"loc":{"start":{"line":13,"column":2},"end":{"line":64,"column":3}},"type":"if","locations":[{"start":{"line":13,"column":2},"end":{"line":64,"column":3}},{"start":{"line":13,"column":2},"end":{"line":64,"column":3}}],"line":13},"1":{"loc":{"start":{"line":32,"column":7},"end":{"line":35,"column":8}},"type":"if","locations":[{"start":{"line":32,"column":7},"end":{"line":35,"column":8}},{"start":{"line":32,"column":7},"end":{"line":35,"column":8}}],"line":32},"2":{"loc":{"start":{"line":38,"column":7},"end":{"line":45,"column":8}},"type":"if","locations":[{"start":{"line":38,"column":7},"end":{"line":45,"column":8}},{"start":{"line":38,"column":7},"end":{"line":45,"column":8}}],"line":38},"3":{"loc":{"start":{"line":49,"column":7},"end":{"line":54,"column":8}},"type":"if","locations":[{"start":{"line":49,"column":7},"end":{"line":54,"column":8}},{"start":{"line":49,"column":7},"end":{"line":54,"column":8}}],"line":49},"4":{"loc":{"start":{"line":51,"column":8},"end":{"line":53,"column":9}},"type":"if","locations":[{"start":{"line":51,"column":8},"end":{"line":53,"column":9}},{"start":{"line":51,"column":8},"end":{"line":53,"column":9}}],"line":51}},"s":{"0":1,"1":1,"2":1,"3":1,"4":0,"5":0,"6":0,"7":0,"8":0,"9":0,"10":0,"11":0,"12":0,"13":0,"14":0,"15":0,"16":0,"17":0,"18":0,"19":0,"20":0,"21":0,"22":0,"23":0,"24":0,"25":0,"26":1,"27":0,"28":0,"29":1,"30":1,"31":0,"32":1,"33":0,"34":0,"35":0,"36":0,"37":0,"38":1},"f":{"0":0,"1":0,"2":0,"3":0,"4":0,"5":0,"6":0,"7":1,"8":0,"9":0},"b":{"0":[0,0],"1":[0,0],"2":[0,0],"3":[0,0],"4":[0,0]},"_coverageSchema":"1a1c01bbd47fc00a2c39e90264f33305004495a9","hash":"ba52356dcbc26d1183446305b368468538463d23"}
}
