{"C:\\Users\\Aashish\\Desktop\\Vending Machine\\Server\\src\\config.js": {"path":"C:\\Users\\Aashish\\Desktop\\Vending Machine\\Server\\src\\config.js","statementMap":{"0":{"start":{"line":1,"column":15},"end":{"line":14,"column":1}},"1":{"start":{"line":16,"column":0},"end":{"line":16,"column":24}}},"fnMap":{},"branchMap":{"0":{"loc":{"start":{"line":3,"column":8},"end":{"line":3,"column":34}},"type":"binary-expr","locations":[{"start":{"line":3,"column":8},"end":{"line":3,"column":24}},{"start":{"line":3,"column":28},"end":{"line":3,"column":34}}],"line":3},"1":{"loc":{"start":{"line":10,"column":13},"end":{"line":10,"column":42}},"type":"binary-expr","locations":[{"start":{"line":10,"column":13},"end":{"line":10,"column":36}},{"start":{"line":10,"column":40},"end":{"line":10,"column":42}}],"line":10},"2":{"loc":{"start":{"line":11,"column":13},"end":{"line":11,"column":52}},"type":"binary-expr","locations":[{"start":{"line":11,"column":13},"end":{"line":11,"column":32}},{"start":{"line":11,"column":36},"end":{"line":11,"column":52}}],"line":11}},"s":{"0":1,"1":1},"f":{},"b":{"0":[1,1],"1":[1,1],"2":[1,1]},"_coverageSchema":"1a1c01bbd47fc00a2c39e90264f33305004495a9","hash":"6e258e2ebd634efb5f815e745faf7f6758c5f373"}
,"C:\\Users\\Aashish\\Desktop\\Vending Machine\\Server\\src\\db.js": {"path":"C:\\Users\\Aashish\\Desktop\\Vending Machine\\Server\\src\\db.js","statementMap":{"0":{"start":{"line":1,"column":14},"end":{"line":1,"column":31}},"1":{"start":{"line":3,"column":15},"end":{"line":3,"column":34}},"2":{"start":{"line":5,"column":13},"end":{"line":10,"column":2}},"3":{"start":{"line":12,"column":0},"end":{"line":12,"column":22}}},"fnMap":{},"branchMap":{},"s":{"0":1,"1":1,"2":1,"3":1},"f":{},"b":{},"_coverageSchema":"1a1c01bbd47fc00a2c39e90264f33305004495a9","hash":"60e68f81229bffbcdb8826a7df295348f59ef480"}
,"C:\\Users\\Aashish\\Desktop\\Vending Machine\\Server\\src\\services\\billingService.js": {"path":"C:\\Users\\Aashish\\Desktop\\Vending Machine\\Server\\src\\services\\billingService.js","statementMap":{"0":{"start":{"line":1,"column":13},"end":{"line":1,"column":29}},"1":{"start":{"line":2,"column":14},"end":{"line":2,"column":31}},"2":{"start":{"line":4,"column":20},"end":{"line":52,"column":1}},"3":{"start":{"line":5,"column":70},"end":{"line":5,"column":74}},"4":{"start":{"line":7,"column":21},"end":{"line":7,"column":64}},"5":{"start":{"line":9,"column":1},"end":{"line":51,"column":3}},"6":{"start":{"line":10,"column":2},"end":{"line":50,"column":3}},"7":{"start":{"line":11,"column":3},"end":{"line":47,"column":4}},"8":{"start":{"line":12,"column":25},"end":{"line":12,"column":123}},"9":{"start":{"line":14,"column":18},"end":{"line":37,"column":10}},"10":{"start":{"line":38,"column":21},"end":{"line":38,"column":54}},"11":{"start":{"line":39,"column":4},"end":{"line":44,"column":5}},"12":{"start":{"line":40,"column":22},"end":{"line":40,"column":62}},"13":{"start":{"line":42,"column":24},"end":{"line":42,"column":54}},"14":{"start":{"line":43,"column":5},"end":{"line":43,"column":84}},"15":{"start":{"line":46,"column":4},"end":{"line":46,"column":23}},"16":{"start":{"line":49,"column":3},"end":{"line":49,"column":64}},"17":{"start":{"line":54,"column":21},"end":{"line":59,"column":1}},"18":{"start":{"line":55,"column":13},"end":{"line":56,"column":51}},"19":{"start":{"line":57,"column":18},"end":{"line":57,"column":49}},"20":{"start":{"line":58,"column":1},"end":{"line":58,"column":15}},"21":{"start":{"line":61,"column":18},"end":{"line":65,"column":1}},"22":{"start":{"line":62,"column":13},"end":{"line":62,"column":44}},"23":{"start":{"line":63,"column":18},"end":{"line":63,"column":49}},"24":{"start":{"line":64,"column":1},"end":{"line":64,"column":30}},"25":{"start":{"line":67,"column":20},"end":{"line":71,"column":1}},"26":{"start":{"line":68,"column":22},"end":{"line":68,"column":77}},"27":{"start":{"line":69,"column":18},"end":{"line":69,"column":58}},"28":{"start":{"line":70,"column":1},"end":{"line":70,"column":15}},"29":{"start":{"line":72,"column":0},"end":{"line":72,"column":57}}},"fnMap":{"0":{"name":"(anonymous_0)","decl":{"start":{"line":4,"column":20},"end":{"line":4,"column":21}},"loc":{"start":{"line":4,"column":36},"end":{"line":52,"column":1}},"line":4},"1":{"name":"(anonymous_1)","decl":{"start":{"line":9,"column":20},"end":{"line":9,"column":21}},"loc":{"start":{"line":9,"column":47},"end":{"line":51,"column":2}},"line":9},"2":{"name":"(anonymous_2)","decl":{"start":{"line":54,"column":21},"end":{"line":54,"column":22}},"loc":{"start":{"line":54,"column":33},"end":{"line":59,"column":1}},"line":54},"3":{"name":"(anonymous_3)","decl":{"start":{"line":61,"column":18},"end":{"line":61,"column":19}},"loc":{"start":{"line":61,"column":30},"end":{"line":65,"column":1}},"line":61},"4":{"name":"(anonymous_4)","decl":{"start":{"line":67,"column":20},"end":{"line":67,"column":21}},"loc":{"start":{"line":67,"column":37},"end":{"line":71,"column":1}},"line":67}},"branchMap":{"0":{"loc":{"start":{"line":10,"column":2},"end":{"line":50,"column":3}},"type":"if","locations":[{"start":{"line":10,"column":2},"end":{"line":50,"column":3}},{"start":{"line":10,"column":2},"end":{"line":50,"column":3}}],"line":10},"1":{"loc":{"start":{"line":39,"column":4},"end":{"line":44,"column":5}},"type":"if","locations":[{"start":{"line":39,"column":4},"end":{"line":44,"column":5}},{"start":{"line":39,"column":4},"end":{"line":44,"column":5}}],"line":39}},"s":{"0":1,"1":1,"2":1,"3":0,"4":0,"5":0,"6":0,"7":0,"8":0,"9":0,"10":0,"11":0,"12":0,"13":0,"14":0,"15":0,"16":0,"17":1,"18":0,"19":0,"20":0,"21":1,"22":1,"23":1,"24":0,"25":1,"26":0,"27":0,"28":0,"29":1},"f":{"0":0,"1":0,"2":0,"3":1,"4":0},"b":{"0":[0,0],"1":[0,0]},"_coverageSchema":"1a1c01bbd47fc00a2c39e90264f33305004495a9","hash":"c6a34c50be893fbe86911be350087c7ff6551bac"}
}
